<?xml version="1.0" encoding="UTF-8"?>
<!-- Generated by org.testng.reporters.JUnitReportReporter -->
<testsuite hostname="LAPTOP-BBU2DEAQ" failures="0" tests="1" name="testCases.Logintestcases" time="26.737" errors="0" timestamp="2022-03-11T17:35:19 IST" skipped="0">
  <testcase classname="testCases.Logintestcases" name="Logintestcase" time="26.737"/>
  <system-out/>
</testsuite> <!-- testCases.Logintestcases -->
