<?xml version="1.0" encoding="UTF-8"?>
<!-- Generated by org.testng.reporters.JUnitReportReporter -->
<testsuite hostname="LAPTOP-BBU2DEAQ" failures="0" tests="5" name="testCases.Searchproduct" time="15.595" errors="0" timestamp="2022-03-11T17:35:19 IST" skipped="0">
  <testcase classname="testCases.Searchproduct" name="searchproducts" time="10.947"/>
  <system-out/>
  <testcase classname="testCases.Searchproduct" name="colourfilter" time="1.589"/>
  <system-out/>
  <testcase classname="testCases.Searchproduct" name="fabricfiltercheckbox" time="1.668"/>
  <system-out/>
  <testcase classname="testCases.Searchproduct" name="pricefilterslider" time="1.080"/>
  <system-out/>
  <testcase classname="testCases.Searchproduct" name="sortbyproduct" time="0.311"/>
  <system-out/>
</testsuite> <!-- testCases.Searchproduct -->
